# JRE version: Java(TM) SE Runtime Environment (8.0_251-b08) (build 1.8.0_251-b08)
# Java VM: Java HotSpot(TM) 64-Bit Server VM (25.251-b08 mixed mode windows-amd64 compressed oops)
Heap:
 PSYoungGen      total 441856K, used 94178K [0x0000000716300000, 0x0000000742a00000, 0x00000007c0000000)
  eden space 395264K, 23% used [0x0000000716300000,0x000000071bef8a60,0x000000072e500000)
  from space 46592K, 0% used [0x000000072e500000,0x000000072e500000,0x0000000731280000)
  to   space 50176K, 0% used [0x000000073f900000,0x000000073f900000,0x0000000742a00000)
 ParOldGen       total 376320K, used 81381K [0x00000005c2800000, 0x00000005d9780000, 0x0000000716300000)
  object space 376320K, 21% used [0x00000005c2800000,0x00000005c77795d0,0x00000005d9780000)
 Metaspace       used 37786K, capacity 38193K, committed 38488K, reserved 1083392K
  class space    used 5073K, capacity 5204K, committed 5248K, reserved 1048576K
GC Heap History (10 events):
Event: 2.689 GC heap before
{Heap before GC invocations=6 (full 2):
 PSYoungGen      total 283648K, used 21486K [0x0000000716300000, 0x0000000728d00000, 0x00000007c0000000)
  eden space 262144K, 0% used [0x0000000716300000,0x0000000716300000,0x0000000726300000)
  from space 21504K, 99% used [0x0000000727800000,0x0000000728cfb988,0x0000000728d00000)
  to   space 21504K, 0% used [0x0000000726300000,0x0000000726300000,0x0000000727800000)
 ParOldGen       total 348160K, used 39459K [0x00000005c2800000, 0x00000005d7c00000, 0x0000000716300000)
  object space 348160K, 11% used [0x00000005c2800000,0x00000005c4e88c48,0x00000005d7c00000)
 Metaspace       used 20873K, capacity 21094K, committed 21248K, reserved 1067008K
  class space    used 2656K, capacity 2761K, committed 2816K, reserved 1048576K
Event: 2.710 GC heap after
Heap after GC invocations=6 (full 2):
 PSYoungGen      total 283648K, used 0K [0x0000000716300000, 0x0000000728d00000, 0x00000007c0000000)
  eden space 262144K, 0% used [0x0000000716300000,0x0000000716300000,0x0000000726300000)
  from space 21504K, 0% used [0x0000000727800000,0x0000000727800000,0x0000000728d00000)
  to   space 21504K, 0% used [0x0000000726300000,0x0000000726300000,0x0000000727800000)
 ParOldGen       total 236032K, used 38083K [0x00000005c2800000, 0x00000005d0e80000, 0x0000000716300000)
  object space 236032K, 16% used [0x00000005c2800000,0x00000005c4d30cc0,0x00000005d0e80000)
 Metaspace       used 20873K, capacity 21094K, committed 21248K, reserved 1067008K
  class space    used 2656K, capacity 2761K, committed 2816K, reserved 1048576K
}
Event: 3.493 GC heap before
{Heap before GC invocations=7 (full 2):
 PSYoungGen      total 283648K, used 262144K [0x0000000716300000, 0x0000000728d00000, 0x00000007c0000000)
  eden space 262144K, 100% used [0x0000000716300000,0x0000000726300000,0x0000000726300000)
  from space 21504K, 0% used [0x0000000727800000,0x0000000727800000,0x0000000728d00000)
  to   space 21504K, 0% used [0x0000000726300000,0x0000000726300000,0x0000000727800000)
 ParOldGen       total 236032K, used 38083K [0x00000005c2800000, 0x00000005d0e80000, 0x0000000716300000)
  object space 236032K, 16% used [0x00000005c2800000,0x00000005c4d30cc0,0x00000005d0e80000)
 Metaspace       used 26878K, capacity 27286K, committed 27648K, reserved 1073152K
  class space    used 3366K, capacity 3475K, committed 3584K, reserved 1048576K
Event: 3.501 GC heap after
Heap after GC invocations=7 (full 2):
 PSYoungGen      total 283648K, used 20077K [0x0000000716300000, 0x0000000732780000, 0x00000007c0000000)
  eden space 262144K, 0% used [0x0000000716300000,0x0000000716300000,0x0000000726300000)
  from space 21504K, 93% used [0x0000000726300000,0x000000072769b400,0x0000000727800000)
  to   space 21504K, 0% used [0x0000000731280000,0x0000000731280000,0x0000000732780000)
 ParOldGen       total 236032K, used 38091K [0x00000005c2800000, 0x00000005d0e80000, 0x0000000716300000)
  object space 236032K, 16% used [0x00000005c2800000,0x00000005c4d32cc0,0x00000005d0e80000)
 Metaspace       used 26878K, capacity 27286K, committed 27648K, reserved 1073152K
  class space    used 3366K, capacity 3475K, committed 3584K, reserved 1048576K
}
Event: 4.272 GC heap before
{Heap before GC invocations=8 (full 2):
 PSYoungGen      total 283648K, used 282221K [0x0000000716300000, 0x0000000732780000, 0x00000007c0000000)
  eden space 262144K, 100% used [0x0000000716300000,0x0000000726300000,0x0000000726300000)
  from space 21504K, 93% used [0x0000000726300000,0x000000072769b400,0x0000000727800000)
  to   space 21504K, 0% used [0x0000000731280000,0x0000000731280000,0x0000000732780000)
 ParOldGen       total 236032K, used 38091K [0x00000005c2800000, 0x00000005d0e80000, 0x0000000716300000)
  object space 236032K, 16% used [0x00000005c2800000,0x00000005c4d32cc0,0x00000005d0e80000)
 Metaspace       used 29395K, capacity 29654K, committed 29952K, reserved 1075200K
  class space    used 3881K, capacity 3987K, committed 4096K, reserved 1048576K
Event: 4.285 GC heap after
Heap after GC invocations=8 (full 2):
 PSYoungGen      total 416768K, used 21476K [0x0000000716300000, 0x0000000735880000, 0x00000007c0000000)
  eden space 395264K, 0% used [0x0000000716300000,0x0000000716300000,0x000000072e500000)
  from space 21504K, 99% used [0x0000000731280000,0x00000007327792f0,0x0000000732780000)
  to   space 46592K, 0% used [0x000000072e500000,0x000000072e500000,0x0000000731280000)
 ParOldGen       total 236032K, used 50122K [0x00000005c2800000, 0x00000005d0e80000, 0x0000000716300000)
  object space 236032K, 21% used [0x00000005c2800000,0x00000005c58f2a38,0x00000005d0e80000)
 Metaspace       used 29395K, capacity 29654K, committed 29952K, reserved 1075200K
  class space    used 3881K, capacity 3987K, committed 4096K, reserved 1048576K
}
Event: 5.277 GC heap before
{Heap before GC invocations=9 (full 2):
 PSYoungGen      total 416768K, used 362898K [0x0000000716300000, 0x0000000735880000, 0x00000007c0000000)
  eden space 395264K, 86% used [0x0000000716300000,0x000000072b06b710,0x000000072e500000)
  from space 21504K, 99% used [0x0000000731280000,0x00000007327792f0,0x0000000732780000)
  to   space 46592K, 0% used [0x000000072e500000,0x000000072e500000,0x0000000731280000)
 ParOldGen       total 236032K, used 50122K [0x00000005c2800000, 0x00000005d0e80000, 0x0000000716300000)
  object space 236032K, 21% used [0x00000005c2800000,0x00000005c58f2a38,0x00000005d0e80000)
 Metaspace       used 34806K, capacity 35148K, committed 35416K, reserved 1079296K
  class space    used 4816K, capacity 4947K, committed 4992K, reserved 1048576K
Event: 5.290 GC heap after
Heap after GC invocations=9 (full 2):
 PSYoungGen      total 441856K, used 38671K [0x0000000716300000, 0x0000000742a00000, 0x00000007c0000000)
  eden space 395264K, 0% used [0x0000000716300000,0x0000000716300000,0x000000072e500000)
  from space 46592K, 82% used [0x000000072e500000,0x0000000730ac3c78,0x0000000731280000)
  to   space 50176K, 0% used [0x000000073f900000,0x000000073f900000,0x0000000742a00000)
 ParOldGen       total 236032K, used 50130K [0x00000005c2800000, 0x00000005d0e80000, 0x0000000716300000)
  object space 236032K, 21% used [0x00000005c2800000,0x00000005c58f4a38,0x00000005d0e80000)
 Metaspace       used 34806K, capacity 35148K, committed 35416K, reserved 1079296K
  class space    used 4816K, capacity 4947K, committed 4992K, reserved 1048576K
}
Event: 5.290 GC heap before
{Heap before GC invocations=10 (full 3):
 PSYoungGen      total 441856K, used 38671K [0x0000000716300000, 0x0000000742a00000, 0x00000007c0000000)
  eden space 395264K, 0% used [0x0000000716300000,0x0000000716300000,0x000000072e500000)
  from space 46592K, 82% used [0x000000072e500000,0x0000000730ac3c78,0x0000000731280000)
  to   space 50176K, 0% used [0x000000073f900000,0x000000073f900000,0x0000000742a00000)
 ParOldGen       total 236032K, used 50130K [0x00000005c2800000, 0x00000005d0e80000, 0x0000000716300000)
  object space 236032K, 21% used [0x00000005c2800000,0x00000005c58f4a38,0x00000005d0e80000)
 Metaspace       used 34806K, capacity 35148K, committed 35416K, reserved 1079296K
  class space    used 4816K, capacity 4947K, committed 4992K, reserved 1048576K
Event: 5.353 GC heap after
Heap after GC invocations=10 (full 3):
 PSYoungGen      total 441856K, used 0K [0x0000000716300000, 0x0000000742a00000, 0x00000007c0000000)
  eden space 395264K, 0% used [0x0000000716300000,0x0000000716300000,0x000000072e500000)
  from space 46592K, 0% used [0x000000072e500000,0x000000072e500000,0x0000000731280000)
  to   space 50176K, 0% used [0x000000073f900000,0x000000073f900000,0x0000000742a00000)
 ParOldGen       total 376320K, used 81381K [0x00000005c2800000, 0x00000005d9780000, 0x0000000716300000)
  object space 376320K, 21% used [0x00000005c2800000,0x00000005c77795d0,0x00000005d9780000)
 Metaspace       used 34806K, capacity 35148K, committed 35416K, reserved 1079296K
  class space    used 4816K, capacity 4947K, committed 4992K, reserved 1048576K
}

